host: dev-intel16
Building DAG of jobs...
Using shell: /usr/bin/bash
Provided cores: 28
Rules claiming more threads will be scaled down.
Job stats:
job                     count
--------------------  -------
all                         1
plot_relative_energy        1
total                       2

Select jobs to execute...
Execute 1 jobs...

[Sat Dec  7 11:28:37 2024]
localrule plot_relative_energy:
    input: outputs/integrated_cross_sections/angle_integration.txt
    output: outputs/plots/s_half_relative_energy.png
    jobid: 3
    reason: Missing output files: outputs/plots/s_half_relative_energy.png
    resources: tmpdir=/tmp

[Sat Dec  7 11:28:39 2024]
Finished job 3.
1 of 2 steps (50%) done
Select jobs to execute...
Execute 1 jobs...

[Sat Dec  7 11:28:39 2024]
localrule all:
    input: outputs/output_file/example-br.out, input/long_input.in, outputs/plots/brkup_cs.png, outputs/plots/s_half_relative_energy.png
    jobid: 0
    reason: Input files updated by another job: outputs/plots/s_half_relative_energy.png
    resources: tmpdir=/tmp

[Sat Dec  7 11:28:39 2024]
Finished job 0.
2 of 2 steps (100%) done
Complete log: .snakemake/log/2024-12-07T112837.409809.snakemake.log
