host: dev-intel16
Building DAG of jobs...
Using shell: /usr/bin/bash
Provided cores: 28
Rules claiming more threads will be scaled down.
Job stats:
job              count
-------------  -------
all                  1
plot_brkup_cs        1
total                2

Select jobs to execute...
Execute 1 jobs...

[Sat Dec  7 11:21:58 2024]
localrule plot_brkup_cs:
    input: outputs/integrated_cross_sections/energy_integration.txt
    output: outputs/plots/brkup_cs.png
    jobid: 2
    reason: Missing output files: outputs/plots/brkup_cs.png
    resources: tmpdir=/tmp

[Sat Dec  7 11:22:01 2024]
Finished job 2.
1 of 2 steps (50%) done
Select jobs to execute...
Execute 1 jobs...

[Sat Dec  7 11:22:01 2024]
localrule all:
    input: outputs/output_file/example-br.out, input/long_input.in, outputs/plots/brkup_cs.png
    jobid: 0
    reason: Input files updated by another job: outputs/plots/brkup_cs.png
    resources: tmpdir=/tmp

[Sat Dec  7 11:22:01 2024]
Finished job 0.
2 of 2 steps (100%) done
Complete log: .snakemake/log/2024-12-07T112158.671707.snakemake.log
