host: dev-intel16
Building DAG of jobs...
Using shell: /usr/bin/bash
Provided cores: 28
Rules claiming more threads will be scaled down.
Job stats:
job              count
-------------  -------
all                  1
plot_brkup_cs        1
total                2

Select jobs to execute...
Execute 1 jobs...

[Fri Dec  6 11:38:28 2024]
localrule plot_brkup_cs:
    input: outputs/integrated_cross_sections/energy_integration.txt
    output: outputs/plots/brkup_cs.png
    jobid: 2
    reason: Missing output files: outputs/plots/brkup_cs.png
    resources: tmpdir=/tmp

[Fri Dec  6 11:38:35 2024]
Error in rule plot_brkup_cs:
    jobid: 2
    input: outputs/integrated_cross_sections/energy_integration.txt
    output: outputs/plots/brkup_cs.png

Shutting down, this might take some time.
Exiting because a job execution failed. Look above for error message
Complete log: .snakemake/log/2024-12-06T113828.469979.snakemake.log
WorkflowError:
At least one job did not complete successfully.
