host: dev-intel16
Building DAG of jobs...
Using shell: /usr/bin/bash
Provided cores: 28
Rules claiming more threads will be scaled down.
Job stats:
job          count
---------  -------
run_input        1
total            1

Select jobs to execute...
Execute 1 jobs...

[Tue Dec  3 19:54:05 2024]
localrule run_input:
    input: /mnt/home/beckma75/scat_snakemake/input/example-br.run
    output: /mnt/home/beckma75/scat_snakemake/outputs/example-br.out
    jobid: 0
    reason: Missing output files: /mnt/home/beckma75/scat_snakemake/outputs/example-br.out
    threads: 4
    resources: tmpdir=/tmp, mem_mb=4000, mem_mib=3815

[Tue Dec  3 19:55:49 2024]
Finished job 0.
1 of 1 steps (100%) done
Complete log: .snakemake/log/2024-12-03T195405.624145.snakemake.log
