host: dev-intel16
Building DAG of jobs...
Using shell: /usr/bin/bash
Provided cores: 28
Rules claiming more threads will be scaled down.
Job stats:
job            count
-----------  -------
all                1
test_angles        1
test_relE          1
total              3

Select jobs to execute...
Execute 2 jobs...

[Sat Dec  7 15:48:30 2024]
localrule test_relE:
    input: outputs/integrated_cross_sections/angle_integration.txt
    output: outputs/test_results/fort13_test.txt
    jobid: 5
    reason: Code has changed since last execution
    resources: tmpdir=/tmp


[Sat Dec  7 15:48:30 2024]
localrule test_angles:
    input: outputs/integrated_cross_sections/energy_integration.txt
    output: outputs/test_results/fort16_test.txt
    jobid: 4
    reason: Code has changed since last execution
    resources: tmpdir=/tmp

[Sat Dec  7 15:48:31 2024]
Error in rule test_relE:
    jobid: 5
    input: outputs/integrated_cross_sections/angle_integration.txt
    output: outputs/test_results/fort13_test.txt
    shell:
        pytest python_scripts/tests/test_relE.py > outputs/test_results/fort13_test.txt 2>&1
        (one of the commands exited with non-zero exit code; note that snakemake uses bash strict mode!)

Removing output files of failed job test_relE since they might be corrupted:
outputs/test_results/fort13_test.txt
[Sat Dec  7 15:48:31 2024]
Error in rule test_angles:
    jobid: 4
    input: outputs/integrated_cross_sections/energy_integration.txt
    output: outputs/test_results/fort16_test.txt
    shell:
        pytest python_scripts/tests/test_NaN.py > outputs/test_results/fort16_test.txt 2>&1
        (one of the commands exited with non-zero exit code; note that snakemake uses bash strict mode!)

Removing output files of failed job test_angles since they might be corrupted:
outputs/test_results/fort16_test.txt
Shutting down, this might take some time.
Exiting because a job execution failed. Look above for error message
Complete log: .snakemake/log/2024-12-07T154829.829788.snakemake.log
WorkflowError:
At least one job did not complete successfully.
