host: dev-intel16
Building DAG of jobs...
Using shell: /usr/bin/bash
Provided cores: 28
Rules claiming more threads will be scaled down.
Job stats:
job            count
-----------  -------
all                1
test_fresco        1
total              2

Select jobs to execute...
Execute 1 jobs...

[Tue Dec 10 11:52:54 2024]
localrule test_fresco:
    input: outputs/fort_files/fort.16
    output: outputs/test_results/fort16_exists.txt
    jobid: 4
    reason: Missing output files: outputs/test_results/fort16_exists.txt
    resources: tmpdir=/tmp

[Tue Dec 10 11:52:55 2024]
Finished job 4.
1 of 2 steps (50%) done
Select jobs to execute...
Execute 1 jobs...

[Tue Dec 10 11:52:55 2024]
localrule all:
    input: outputs/output_file/example-br.out, input/long_input.in, outputs/plots/brkup_cs.png, outputs/plots/s_half_relative_energy.png, outputs/test_results/fort16_exists.txt
    jobid: 0
    reason: Input files updated by another job: outputs/test_results/fort16_exists.txt
    resources: tmpdir=/tmp

[Tue Dec 10 11:52:55 2024]
Finished job 0.
2 of 2 steps (100%) done
Complete log: .snakemake/log/2024-12-10T115254.429992.snakemake.log
