host: dev-intel16
Building DAG of jobs...
Using shell: /usr/bin/bash
Provided cores: 28
Rules claiming more threads will be scaled down.
Job stats:
job          count
---------  -------
run_input        1
total            1

Select jobs to execute...
Execute 1 jobs...

[Thu Dec  5 11:41:42 2024]
localrule run_input:
    input: /mnt/home/beckma75/CMSE890Project/input/example-br.in
    output: /mnt/home/beckma75/CMSE890Project/outputs/output_file/example-br.out
    log: /mnt/home/beckma75/CMSE890Project/logs/run_calculation
    jobid: 0
    reason: Missing output files: /mnt/home/beckma75/CMSE890Project/outputs/output_file/example-br.out
    threads: 4
    resources: tmpdir=/tmp, mem_mb=4000, mem_mib=3815

[Thu Dec  5 11:41:42 2024]
Error in rule run_input:
    jobid: 0
    input: /mnt/home/beckma75/CMSE890Project/input/example-br.in
    output: /mnt/home/beckma75/CMSE890Project/outputs/output_file/example-br.out
    log: /mnt/home/beckma75/CMSE890Project/logs/run_calculation (check log file(s) for error details)
    shell:
        
        chmod +x <built-in function input> 
        .<built-in function input>
        ./mnt/home/beckma75/CMSE890Project/fresco/cdc < example-br.in > long_input.in
        ./mnt/home/beckma75/CMSE890Project/fresco/fresco < long_input.in 
        ./mnt/home/beckma75/CMSE890Project/fresco/sumbins < fort.16 > energy_integration.txt
        ./mnt/home/beckma75/CMSE890Project/fresco/sumxen < fort.13  > angle_integration.txt
            mv "$file" /mnt/home/beckma75/CMSE890Project/outputs/fort_files/;
        mv example-br.out /mnt/home/beckma75/CMSE890Project/outputs/output_file
        mv cdc.in /mnt/home/beckma75/CMSE890Project/input/
        mv long_input.in /mnt/home/beckma75/CMSE890Project/input/
        mv energy_integration.txt /mnt/home/beckma75/CMSE890Project/outputs/integrated_cross_sections/
        mv angle_integration.txt /mnt/home/beckma75/CMSE890Project/outputs/integrated_cross_sections/
        
        (one of the commands exited with non-zero exit code; note that snakemake uses bash strict mode!)

Shutting down, this might take some time.
Exiting because a job execution failed. Look above for error message
Complete log: .snakemake/log/2024-12-05T114142.667983.snakemake.log
WorkflowError:
At least one job did not complete successfully.
