host: dev-intel16
Building DAG of jobs...
Using shell: /usr/bin/bash
Provided cores: 28
Rules claiming more threads will be scaled down.
Job stats:
job                count
---------------  -------
all                    1
test_angle_int         1
test_energy_int        1
total                  3

Select jobs to execute...
Execute 2 jobs...

[Tue Dec 10 12:21:43 2024]
localrule test_angle_int:
    input: outputs/integrated_cross_sections/angle_integration.txt
    output: outputs/test_results/angle_int_test.txt
    jobid: 7
    reason: Missing output files: outputs/test_results/angle_int_test.txt
    resources: tmpdir=/tmp


[Tue Dec 10 12:21:43 2024]
localrule test_energy_int:
    input: outputs/integrated_cross_sections/energy_integration.txt
    output: outputs/test_results/energy_int_test.txt
    jobid: 8
    reason: Missing output files: outputs/test_results/energy_int_test.txt
    resources: tmpdir=/tmp

[Tue Dec 10 12:21:43 2024]
Finished job 7.
1 of 3 steps (33%) done
[Tue Dec 10 12:21:43 2024]
Finished job 8.
2 of 3 steps (67%) done
Select jobs to execute...
Execute 1 jobs...

[Tue Dec 10 12:21:43 2024]
localrule all:
    input: outputs/output_file/example-br.out, input/long_input.in, outputs/plots/brkup_cs.png, outputs/plots/s_half_relative_energy.png, outputs/test_results/fort16_exists.txt, outputs/test_results/fort16_nan.txt, outputs/test_results/fort13_test.txt, outputs/test_results/angle_int_test.txt, outputs/test_results/energy_int_test.txt
    jobid: 0
    reason: Input files updated by another job: outputs/test_results/energy_int_test.txt, outputs/test_results/angle_int_test.txt
    resources: tmpdir=/tmp

[Tue Dec 10 12:21:43 2024]
Finished job 0.
3 of 3 steps (100%) done
Complete log: .snakemake/log/2024-12-10T122142.818848.snakemake.log
