host: dev-intel16
Building DAG of jobs...
Using shell: /usr/bin/bash
Provided cores: 28
Rules claiming more threads will be scaled down.
Job stats:
job            count
-----------  -------
all                1
test_angles        1
test_fresco        1
test_relE          1
total              4

Select jobs to execute...
Execute 3 jobs...

[Tue Dec 10 10:45:59 2024]
localrule test_angles:
    input: outputs/integrated_cross_sections/energy_integration.txt
    output: outputs/test_results/fort16_test.txt
    jobid: 4
    reason: Missing output files: outputs/test_results/fort16_test.txt
    resources: tmpdir=/tmp


[Tue Dec 10 10:45:59 2024]
localrule test_fresco:
    input: outputs/fort_files/fort.16
    output: outputs/test_results/fort16_exists.txt
    jobid: 6
    reason: Missing output files: outputs/test_results/fort16_exists.txt
    resources: tmpdir=/tmp


[Tue Dec 10 10:45:59 2024]
localrule test_relE:
    input: outputs/integrated_cross_sections/angle_integration.txt
    output: outputs/test_results/fort13_test.txt
    jobid: 5
    reason: Missing output files: outputs/test_results/fort13_test.txt
    resources: tmpdir=/tmp

[Tue Dec 10 10:45:59 2024]
Error in rule test_fresco:
    jobid: 6
    input: outputs/fort_files/fort.16
    output: outputs/test_results/fort16_exists.txt
    shell:
        python3 python_scripts/tests/test_fresco.py > outputs/test_results/fort16_test.txt
        (one of the commands exited with non-zero exit code; note that snakemake uses bash strict mode!)

[Tue Dec 10 10:45:59 2024]
Finished job 4.
1 of 4 steps (25%) done
[Tue Dec 10 10:46:01 2024]
Finished job 5.
2 of 4 steps (50%) done
Shutting down, this might take some time.
Exiting because a job execution failed. Look above for error message
Complete log: .snakemake/log/2024-12-10T104558.731429.snakemake.log
WorkflowError:
At least one job did not complete successfully.
