host: dev-intel16
Building DAG of jobs...
Using shell: /usr/bin/bash
Provided cores: 28
Rules claiming more threads will be scaled down.
Job stats:
job         count
--------  -------
all             1
test_nan        1
total           2

Select jobs to execute...
Execute 1 jobs...

[Sat Dec  7 12:02:11 2024]
localrule test_nan:
    input: outputs/fort_files/fort.16
    output: outputs/test_results/fort16_test.txt
    jobid: 4
    reason: Missing output files: outputs/test_results/fort16_test.txt
    resources: tmpdir=/tmp

[Sat Dec  7 12:02:11 2024]
Error in rule test_nan:
    jobid: 4
    input: outputs/fort_files/fort.16
    output: outputs/test_results/fort16_test.txt
    shell:
        python3 python_scripts/tests/NaN_test.py > outputs/test_results/fort16_test.txt
        (one of the commands exited with non-zero exit code; note that snakemake uses bash strict mode!)

Removing output files of failed job test_nan since they might be corrupted:
outputs/test_results/fort16_test.txt
Shutting down, this might take some time.
Exiting because a job execution failed. Look above for error message
Complete log: .snakemake/log/2024-12-07T120211.525596.snakemake.log
WorkflowError:
At least one job did not complete successfully.
