host: amr-024
Building DAG of jobs...
Using shell: /usr/bin/bash
Provided cores: 48
Rules claiming more threads will be scaled down.
Job stats:
job          count
---------  -------
all              1
run_input        1
total            2

Select jobs to execute...
Execute 1 jobs...

[Tue Dec 10 13:49:32 2024]
localrule run_input:
    input: input/example-br.in
    output: outputs/output_file/example-br.out, input/long_input.in
    log: logs/run_calculations.log
    jobid: 1
    reason: Missing output files: outputs/output_file/example-br.out
    threads: 4
    resources: tmpdir=/tmp/local/47359940, mem_mb=4000, mem_mib=3815

[Tue Dec 10 13:49:37 2024]
Finished job 1.
1 of 2 steps (50%) done
Select jobs to execute...
Execute 1 jobs...

[Tue Dec 10 13:49:37 2024]
localrule all:
    input: outputs/output_file/example-br.out, input/long_input.in, outputs/plots/brkup_cs.png, outputs/plots/s_half_relative_energy.png, outputs/test_results/fort16_exists.txt, outputs/test_results/fort16_nan.txt, outputs/test_results/fort13_test.txt, outputs/test_results/angle_int_test.txt, outputs/test_results/energy_int_test.txt
    jobid: 0
    reason: Input files updated by another job: outputs/output_file/example-br.out, input/long_input.in
    resources: tmpdir=/tmp/local/47359940

[Tue Dec 10 13:49:37 2024]
Finished job 0.
2 of 2 steps (100%) done
Complete log: .snakemake/log/2024-12-10T134932.816626.snakemake.log
