host: dev-intel16
Building DAG of jobs...
Using shell: /usr/bin/bash
Provided cores: 28
Rules claiming more threads will be scaled down.
Job stats:
job         count
--------  -------
all             1
test_nan        1
total           2

Select jobs to execute...
Execute 1 jobs...

[Tue Dec 10 12:00:36 2024]
localrule test_nan:
    input: outputs/fort_files/fort.13
    output: outputs/test_results/fort16_nan.txt
    jobid: 5
    reason: Missing output files: outputs/test_results/fort16_nan.txt
    resources: tmpdir=/tmp

[Tue Dec 10 12:00:37 2024]
Error in rule test_nan:
    jobid: 5
    input: outputs/fort_files/fort.13
    output: outputs/test_results/fort16_nan.txt
    shell:
        pytest python_scripts/tests/test_NaN.py > outputs/test_results/fort16_nan.txt 2>&1
        (one of the commands exited with non-zero exit code; note that snakemake uses bash strict mode!)

Removing output files of failed job test_nan since they might be corrupted:
outputs/test_results/fort16_nan.txt
Shutting down, this might take some time.
Exiting because a job execution failed. Look above for error message
Complete log: .snakemake/log/2024-12-10T120036.209635.snakemake.log
WorkflowError:
At least one job did not complete successfully.
