/var/lib/slurmd/job47361116/slurm_script: line 15: dot: command not found
Building DAG of jobs...
Exception ignored in: <_io.TextIOWrapper name='<stdout>' mode='w' encoding='utf-8'>
BrokenPipeError: [Errno 32] Broken pipe
JobId=47361116 JobName=CMSE890Project
   UserId=beckma75(6183427) GroupId=nscl(2002) MCS_label=N/A
   Priority=8936 Nice=0 Account=general QOS=beckma75
   JobState=RUNNING Reason=None Dependency=(null)
   Requeue=1 Restarts=0 BatchFlag=1 Reboot=0 ExitCode=0:0
   RunTime=00:00:17 TimeLimit=01:00:00 TimeMin=N/A
   SubmitTime=2024-12-10T14:26:03 EligibleTime=2024-12-10T14:26:03
   AccrueTime=2024-12-10T14:26:03
   StartTime=2024-12-10T14:26:03 EndTime=2024-12-10T15:26:03 Deadline=N/A
   SuspendTime=None SecsPreSuspend=0 LastSchedEval=2024-12-10T14:26:03 Scheduler=Main
   Partition=general-short AllocNode:Sid=dev-intel16:3508025
   ReqNodeList=(null) ExcNodeList=(null)
   NodeList=acm-050
   BatchHost=acm-050
   NumNodes=1 NumCPUs=48 NumTasks=1 CPUs/Task=48 ReqB:S:C:T=0:0:*:*
   ReqTRES=cpu=48,mem=100G,node=1,billing=15564
   AllocTRES=cpu=48,mem=100G,node=1,billing=15564
   Socks/Node=* NtasksPerN:B:S:C=0:0:*:* CoreSpec=*
   MinCPUsNode=48 MinMemoryNode=100G MinTmpDiskNode=0
   Features=[intel14|intel16|intel18|(amr|acm)|nvf|nal|nif|amd24] DelayBoot=00:00:00
   OverSubscribe=OK Contiguous=0 Licenses=(null) Network=(null)
   Command=/mnt/ufs18/home-042/beckma75/CMSE890Project/workflow/run_workflow.sb
   WorkDir=/mnt/ufs18/home-042/beckma75/CMSE890Project/workflow
   Comment=stdout=/mnt/ufs18/home-042/beckma75/CMSE890Project/workflow/slurm-47361116.out 
   StdErr=/mnt/ufs18/home-042/beckma75/CMSE890Project/workflow/slurm-47361116.out
   StdIn=/dev/null
   StdOut=/mnt/ufs18/home-042/beckma75/CMSE890Project/workflow/slurm-47361116.out
   Power=
   

